[01m[K/home/fabio/mio_ws/src/conv/src/clothnode.cpp:[m[K In member function â€˜[01m[Kvoid myclass1::cbfunction(const ConstPtr&)[m[Kâ€™:
[01m[K/home/fabio/mio_ws/src/conv/src/clothnode.cpp:53:15:[m[K [01;31m[Kerror: [m[Kâ€˜[01m[Kcout[m[Kâ€™ was not declared in this scope; did you mean â€˜[01m[Kstd::cout[m[Kâ€™?
   53 |               [01;31m[Kcout[m[K<<"x:"<<v1.markers[0].pose.position.x<<endl;
      |               [01;31m[K^~~~[m[K
      |               [32m[Kstd::cout[m[K
In file included from [01m[K/opt/ros/noetic/include/ros/time.h:54[m[K,
                 from [01m[K/opt/ros/noetic/include/ros/ros.h:38[m[K,
                 from [01m[K/home/fabio/mio_ws/src/conv/src/clothnode.cpp:1[m[K:
[01m[K/usr/include/c++/9/iostream:61:18:[m[K [01;36m[Knote: [m[Kâ€˜[01m[Kstd::cout[m[Kâ€™ declared here
   61 |   extern ostream [01;36m[Kcout[m[K;  /// Linked to standard output
      |                  [01;36m[K^~~~[m[K
[01m[K/home/fabio/mio_ws/src/conv/src/clothnode.cpp:53:58:[m[K [01;31m[Kerror: [m[Kâ€˜[01m[Kendl[m[Kâ€™ was not declared in this scope; did you mean â€˜[01m[Kstd::endl[m[Kâ€™?
   53 |               cout<<"x:"<<v1.markers[0].pose.position.x<<[01;31m[Kendl[m[K;
      |                                                          [01;31m[K^~~~[m[K
      |                                                          [32m[Kstd::endl[m[K
In file included from [01m[K/usr/include/c++/9/iostream:39[m[K,
                 from [01m[K/opt/ros/noetic/include/ros/time.h:54[m[K,
                 from [01m[K/opt/ros/noetic/include/ros/ros.h:38[m[K,
                 from [01m[K/home/fabio/mio_ws/src/conv/src/clothnode.cpp:1[m[K:
[01m[K/usr/include/c++/9/ostream:599:5:[m[K [01;36m[Knote: [m[Kâ€˜[01m[Kstd::endl[m[Kâ€™ declared here
  599 |     [01;36m[Kendl[m[K(basic_ostream<_CharT, _Traits>& __os)
      |     [01;36m[K^~~~[m[K
make[2]: *** [CMakeFiles/cloth_node.dir/build.make:63: CMakeFiles/cloth_node.dir/src/clothnode.cpp.o] Error 1
make[1]: *** [CMakeFiles/Makefile2:652: CMakeFiles/cloth_node.dir/all] Error 2
make: *** [Makefile:141: all] Error 2
