[01m[K/home/fabio/mio_ws/src/conv/src/clothnode.cpp:[m[K In member function â€˜[01m[Kvoid myclass1::cbfunction(const ConstPtr&)[m[Kâ€™:
[01m[K/home/fabio/mio_ws/src/conv/src/clothnode.cpp:39:17:[m[K [01;31m[Kerror: [m[Kexpected â€˜[01m[K}[m[Kâ€™ before â€˜[01m[Kelse[m[Kâ€™
   39 |                 [01;31m[Kelse[m[K{
      |                 [01;31m[K^~~~[m[K
[01m[K/home/fabio/mio_ws/src/conv/src/clothnode.cpp:37:23:[m[K [01;36m[Knote: [m[Kto match this â€˜[01m[K{[m[Kâ€™
   37 |               if(k==0)[01;36m[K{[m[K
      |                       [01;36m[K^[m[K
[01m[K/home/fabio/mio_ws/src/conv/src/clothnode.cpp:40:22:[m[K [01;31m[Kerror: [m[Kâ€˜[01m[Kvisualization_msgs::MarkerArray[m[Kâ€™ {aka â€˜[01m[Kstruct visualization_msgs::MarkerArray_<std::allocator<void> >[m[Kâ€™} has no member named â€˜[01m[Kmarker[m[Kâ€™; did you mean â€˜[01m[Kmarkers[m[Kâ€™?
   40 |                   v1.[01;31m[Kmarker[m[K[k].color.g=1.0;
      |                      [01;31m[K^~~~~~[m[K
      |                      [32m[Kmarkers[m[K
[01m[K/home/fabio/mio_ws/src/conv/src/clothnode.cpp:43:26:[m[K [01;31m[Kerror: [m[Kâ€˜[01m[Kk[m[Kâ€™ was not declared in this scope
   43 |               v1.markers[[01;31m[Kk[m[K].color.g = 1.0;
      |                          [01;31m[K^[m[K
make[2]: *** [CMakeFiles/cloth_node.dir/build.make:63: CMakeFiles/cloth_node.dir/src/clothnode.cpp.o] Error 1
make[1]: *** [CMakeFiles/Makefile2:652: CMakeFiles/cloth_node.dir/all] Error 2
make: *** [Makefile:141: all] Error 2
