[01m[K/home/fabio/mio_ws/src/conv/src/vis_pcl.cpp:[m[K In member function â€˜[01m[Kvoid myclass2::cbfunction(const PointCloud2&)[m[Kâ€™:
[01m[K/home/fabio/mio_ws/src/conv/src/vis_pcl.cpp:21:9:[m[K [01;31m[Kerror: [m[Kâ€˜[01m[Kpcl[m[Kâ€™ was not declared in this scope
   21 |         [01;31m[Kpcl[m[K.data=p.data;
      |         [01;31m[K^~~[m[K
make[2]: *** [CMakeFiles/pcl_node.dir/build.make:63: CMakeFiles/pcl_node.dir/src/vis_pcl.cpp.o] Error 1
make[1]: *** [CMakeFiles/Makefile2:767: CMakeFiles/pcl_node.dir/all] Error 2
make: *** [Makefile:141: all] Error 2
